<?xml version="1.0" encoding="UTF-8"?>
<!-- Generated by org.testng.reporters.JUnitReportReporter -->
<testsuite skipped="0" hostname="DESKTOP-D1BC80B" name="Automation.KeywordFramework.actionsteps" tests="1" failures="0" timestamp="16 Nov 2020 00:42:30 GMT" time="32.147" errors="0">
  <testcase name="readExcelandexecute" time="32.147" classname="Automation.KeywordFramework.actionsteps"/>
</testsuite> <!-- Automation.KeywordFramework.actionsteps -->
